
**** Build of configuration Debug for project SimpleBlink ****

"D:\\Embedded\\ccsv7\\utils\\bin\\gmake" -k -j 4 all -O 
gmake[1]: 'SimpleBlink.out' is up to date.

**** Build Finished ****

**** Build of configuration Debug for project SimpleBlink ****

"D:\\Embedded\\ccsv7\\utils\\bin\\gmake" -k -j 4 all -O 
gmake[1]: 'SimpleBlink.out' is up to date.

**** Build Finished ****

**** Build of configuration Debug for project SimpleBlink ****

"D:\\Embedded\\ccsv7\\utils\\bin\\gmake" -k -j 4 all -O 
'Building file: ../blink.c'
'Invoking: MSP430 Compiler'
"D:/Embedded/ccsv7/tools/compiler/ti-cgt-msp430_16.9.3.LTS/bin/cl430" -vmsp --use_hw_mpy=none --include_path="D:/Embedded/ccsv7/ccs_base/msp430/include" --include_path="D:/Embedded/Labs/lab-2-blinking-leds-Veronicaw1013/Simple Blink/MSP430G2553/SimpleBlink" --include_path="D:/Embedded/ccsv7/tools/compiler/ti-cgt-msp430_16.9.3.LTS/include" --advice:power=all --define=__MSP430G2253__ -g --printf_support=minimal --diag_warning=225 --diag_wrap=off --display_error_number --preproc_with_compile --preproc_dependency="blink.d"  "../blink.c"
"../blink.c", line 17: remark #1527-D: (ULP 2.1) Detected SW delay loop using empty loop. Recommend using a timer module instead
'Finished building: ../blink.c'
' '
'Building target: SimpleBlink.out'
'Invoking: MSP430 Linker'
"D:/Embedded/ccsv7/tools/compiler/ti-cgt-msp430_16.9.3.LTS/bin/cl430" -vmsp --use_hw_mpy=none --advice:power=all --define=__MSP430G2253__ -g --printf_support=minimal --diag_warning=225 --diag_wrap=off --display_error_number -z -m"SimpleBlink.map" --heap_size=80 --stack_size=80 -i"D:/Embedded/ccsv7/ccs_base/msp430/include" -i"D:/Embedded/ccsv7/tools/compiler/ti-cgt-msp430_16.9.3.LTS/lib" -i"D:/Embedded/ccsv7/tools/compiler/ti-cgt-msp430_16.9.3.LTS/include" --reread_libs --diag_wrap=off --display_error_number --warn_sections --xml_link_info="SimpleBlink_linkInfo.xml" --use_hw_mpy=none --rom_model -o "SimpleBlink.out" "./blink.obj" "../lnk_msp430g2253.cmd"  -llibc.a 
<Linking>
remark #10371-D: (ULP 1.1) Detected no uses of low power mode state changing instructions
remark #10372-D: (ULP 4.1) Detected uninitialized Port 2 in this project. Recommend initializing all unused ports to eliminate wasted current consumption on unused pins.
remark #10372-D: (ULP 4.1) Detected uninitialized Port 3 in this project. Recommend initializing all unused ports to eliminate wasted current consumption on unused pins.
'Finished building target: SimpleBlink.out'
' '

**** Build Finished ****

**** Build of configuration Debug for project SimpleBlink ****

"D:\\Embedded\\ccsv7\\utils\\bin\\gmake" -k -j 4 all -O 
'Building file: ../blink.c'
'Invoking: MSP430 Compiler'
"D:/Embedded/ccsv7/tools/compiler/ti-cgt-msp430_16.9.3.LTS/bin/cl430" -vmsp --use_hw_mpy=none --include_path="D:/Embedded/ccsv7/ccs_base/msp430/include" --include_path="D:/Embedded/Labs/lab-2-blinking-leds-Veronicaw1013/Simple Blink/MSP430G2553/SimpleBlink" --include_path="D:/Embedded/ccsv7/tools/compiler/ti-cgt-msp430_16.9.3.LTS/include" --advice:power=all --define=__MSP430G2253__ -g --printf_support=minimal --diag_warning=225 --diag_wrap=off --display_error_number --preproc_with_compile --preproc_dependency="blink.d"  "../blink.c"
"../blink.c", line 17: remark #1527-D: (ULP 2.1) Detected SW delay loop using empty loop. Recommend using a timer module instead
'Finished building: ../blink.c'
' '
'Building target: SimpleBlink.out'
'Invoking: MSP430 Linker'
"D:/Embedded/ccsv7/tools/compiler/ti-cgt-msp430_16.9.3.LTS/bin/cl430" -vmsp --use_hw_mpy=none --advice:power=all --define=__MSP430G2253__ -g --printf_support=minimal --diag_warning=225 --diag_wrap=off --display_error_number -z -m"SimpleBlink.map" --heap_size=80 --stack_size=80 -i"D:/Embedded/ccsv7/ccs_base/msp430/include" -i"D:/Embedded/ccsv7/tools/compiler/ti-cgt-msp430_16.9.3.LTS/lib" -i"D:/Embedded/ccsv7/tools/compiler/ti-cgt-msp430_16.9.3.LTS/include" --reread_libs --diag_wrap=off --display_error_number --warn_sections --xml_link_info="SimpleBlink_linkInfo.xml" --use_hw_mpy=none --rom_model -o "SimpleBlink.out" "./blink.obj" "../lnk_msp430g2253.cmd"  -llibc.a 
<Linking>
remark #10371-D: (ULP 1.1) Detected no uses of low power mode state changing instructions
remark #10372-D: (ULP 4.1) Detected uninitialized Port 2 in this project. Recommend initializing all unused ports to eliminate wasted current consumption on unused pins.
remark #10372-D: (ULP 4.1) Detected uninitialized Port 3 in this project. Recommend initializing all unused ports to eliminate wasted current consumption on unused pins.
'Finished building target: SimpleBlink.out'
' '

**** Build Finished ****
